<?xml version="1.0" encoding="UTF-8"?>
<testsuite name="academy.digitallab.store.product.ProductServiceMockTest" tests="2" skipped="0" failures="0" errors="0" timestamp="2021-12-16T05:11:19" hostname="ENRRIQUE" time="0.222">
  <properties/>
  <testcase name="whenValidGetID_thenReturnProduct()" classname="academy.digitallab.store.product.ProductServiceMockTest" time="0.193"/>
  <testcase name="whenValidUpdatedStock_theReturnNewStock()" classname="academy.digitallab.store.product.ProductServiceMockTest" time="0.028"/>
  <system-out><![CDATA[00:11:07.178 [Test worker] DEBUG org.springframework.test.context.BootstrapUtils - Instantiating CacheAwareContextLoaderDelegate from class [org.springframework.test.context.cache.DefaultCacheAwareContextLoaderDelegate]
00:11:07.207 [Test worker] DEBUG org.springframework.test.context.BootstrapUtils - Instantiating BootstrapContext using constructor [public org.springframework.test.context.support.DefaultBootstrapContext(java.lang.Class,org.springframework.test.context.CacheAwareContextLoaderDelegate)]
00:11:07.296 [Test worker] DEBUG org.springframework.test.context.BootstrapUtils - Instantiating TestContextBootstrapper for test class [academy.digitallab.store.product.ProductServiceMockTest] from class [org.springframework.boot.test.context.SpringBootTestContextBootstrapper]
00:11:07.312 [Test worker] INFO org.springframework.boot.test.context.SpringBootTestContextBootstrapper - Neither @ContextConfiguration nor @ContextHierarchy found for test class [academy.digitallab.store.product.ProductServiceMockTest], using SpringBootContextLoader
00:11:07.317 [Test worker] DEBUG org.springframework.test.context.support.AbstractContextLoader - Did not detect default resource location for test class [academy.digitallab.store.product.ProductServiceMockTest]: class path resource [academy/digitallab/store/product/ProductServiceMockTest-context.xml] does not exist
00:11:07.318 [Test worker] DEBUG org.springframework.test.context.support.AbstractContextLoader - Did not detect default resource location for test class [academy.digitallab.store.product.ProductServiceMockTest]: class path resource [academy/digitallab/store/product/ProductServiceMockTestContext.groovy] does not exist
00:11:07.318 [Test worker] INFO org.springframework.test.context.support.AbstractContextLoader - Could not detect default resource locations for test class [academy.digitallab.store.product.ProductServiceMockTest]: no resource found for suffixes {-context.xml, Context.groovy}.
00:11:07.319 [Test worker] INFO org.springframework.test.context.support.AnnotationConfigContextLoaderUtils - Could not detect default configuration classes for test class [academy.digitallab.store.product.ProductServiceMockTest]: ProductServiceMockTest does not declare any static, non-private, non-final, nested classes annotated with @Configuration.
00:11:07.447 [Test worker] DEBUG org.springframework.test.context.support.ActiveProfilesUtils - Could not find an 'annotation declaring class' for annotation type [org.springframework.test.context.ActiveProfiles] and class [academy.digitallab.store.product.ProductServiceMockTest]
00:11:07.644 [Test worker] DEBUG org.springframework.context.annotation.ClassPathScanningCandidateComponentProvider - Identified candidate component class: file [C:\Users\Portu\IdeaProjects\service-product\build\classes\java\main\academy\digitallab\store\product\ServiceProductApplication.class]
00:11:07.647 [Test worker] INFO org.springframework.boot.test.context.SpringBootTestContextBootstrapper - Found @SpringBootConfiguration academy.digitallab.store.product.ServiceProductApplication for test class academy.digitallab.store.product.ProductServiceMockTest
00:11:07.789 [Test worker] DEBUG org.springframework.boot.test.context.SpringBootTestContextBootstrapper - @TestExecutionListeners is not present for class [academy.digitallab.store.product.ProductServiceMockTest]: using defaults.
00:11:07.789 [Test worker] INFO org.springframework.boot.test.context.SpringBootTestContextBootstrapper - Loaded default TestExecutionListener class names from location [META-INF/spring.factories]: [org.springframework.boot.test.autoconfigure.restdocs.RestDocsTestExecutionListener, org.springframework.boot.test.autoconfigure.web.client.MockRestServiceServerResetTestExecutionListener, org.springframework.boot.test.autoconfigure.web.servlet.MockMvcPrintOnlyOnFailureTestExecutionListener, org.springframework.boot.test.autoconfigure.web.servlet.WebDriverTestExecutionListener, org.springframework.boot.test.autoconfigure.webservices.client.MockWebServiceServerTestExecutionListener, org.springframework.boot.test.mock.mockito.MockitoTestExecutionListener, org.springframework.boot.test.mock.mockito.ResetMocksTestExecutionListener, org.springframework.test.context.web.ServletTestExecutionListener, org.springframework.test.context.support.DirtiesContextBeforeModesTestExecutionListener, org.springframework.test.context.event.ApplicationEventsTestExecutionListener, org.springframework.test.context.support.DependencyInjectionTestExecutionListener, org.springframework.test.context.support.DirtiesContextTestExecutionListener, org.springframework.test.context.transaction.TransactionalTestExecutionListener, org.springframework.test.context.jdbc.SqlScriptsTestExecutionListener, org.springframework.test.context.event.EventPublishingTestExecutionListener]
00:11:07.813 [Test worker] INFO org.springframework.boot.test.context.SpringBootTestContextBootstrapper - Using TestExecutionListeners: [org.springframework.test.context.web.ServletTestExecutionListener@4fcee388, org.springframework.test.context.support.DirtiesContextBeforeModesTestExecutionListener@6f80fafe, org.springframework.test.context.event.ApplicationEventsTestExecutionListener@3af17be2, org.springframework.boot.test.mock.mockito.MockitoTestExecutionListener@f9879ac, org.springframework.boot.test.autoconfigure.SpringBootDependencyInjectionTestExecutionListener@37f21974, org.springframework.test.context.support.DirtiesContextTestExecutionListener@5f4d427e, org.springframework.test.context.transaction.TransactionalTestExecutionListener@6e521c1e, org.springframework.test.context.jdbc.SqlScriptsTestExecutionListener@224b4d61, org.springframework.test.context.event.EventPublishingTestExecutionListener@5d5d9e5, org.springframework.boot.test.autoconfigure.restdocs.RestDocsTestExecutionListener@303e3593, org.springframework.boot.test.autoconfigure.web.client.MockRestServiceServerResetTestExecutionListener@4ef27d66, org.springframework.boot.test.autoconfigure.web.servlet.MockMvcPrintOnlyOnFailureTestExecutionListener@362a019c, org.springframework.boot.test.autoconfigure.web.servlet.WebDriverTestExecutionListener@1d9bec4d, org.springframework.boot.test.autoconfigure.webservices.client.MockWebServiceServerTestExecutionListener@5c48c0c0, org.springframework.boot.test.mock.mockito.ResetMocksTestExecutionListener@10c8f62]
00:11:07.817 [Test worker] DEBUG org.springframework.test.context.support.AbstractDirtiesContextTestExecutionListener - Before test class: context [DefaultTestContext@493dfb8e testClass = ProductServiceMockTest, testInstance = [null], testMethod = [null], testException = [null], mergedContextConfiguration = [WebMergedContextConfiguration@5d25e6bb testClass = ProductServiceMockTest, locations = '{}', classes = '{class academy.digitallab.store.product.ServiceProductApplication}', contextInitializerClasses = '[]', activeProfiles = '{}', propertySourceLocations = '{}', propertySourceProperties = '{org.springframework.boot.test.context.SpringBootTestContextBootstrapper=true}', contextCustomizers = set[org.springframework.boot.test.autoconfigure.actuate.metrics.MetricsExportContextCustomizerFactory$DisableMetricExportContextCustomizer@16fdec90, org.springframework.boot.test.autoconfigure.properties.PropertyMappingContextCustomizer@0, org.springframework.boot.test.autoconfigure.web.servlet.WebDriverContextCustomizerFactory$Customizer@5a709816, org.springframework.boot.test.context.filter.ExcludeFilterContextCustomizer@34a875b3, org.springframework.boot.test.json.DuplicateJsonObjectContextCustomizerFactory$DuplicateJsonObjectContextCustomizer@6d1ef78d, org.springframework.boot.test.mock.mockito.MockitoContextCustomizer@0, org.springframework.boot.test.web.client.TestRestTemplateContextCustomizer@71529963, org.springframework.boot.test.context.SpringBootTestArgs@1, org.springframework.boot.test.context.SpringBootTestWebEnvironment@932bc4a], resourceBasePath = 'src/main/webapp', contextLoader = 'org.springframework.boot.test.context.SpringBootContextLoader', parent = [null]], attributes = map['org.springframework.test.context.web.ServletTestExecutionListener.activateListener' -> true]], class annotated with @DirtiesContext [false] with mode [null].
00:11:07.876 [Test worker] DEBUG org.springframework.boot.ApplicationServletEnvironment - Activating profiles []
00:11:07.876 [Test worker] DEBUG org.springframework.test.context.support.TestPropertySourceUtils - Adding inlined properties to environment: {spring.jmx.enabled=false, org.springframework.boot.test.context.SpringBootTestContextBootstrapper=true}

  .   ____          _            __ _ _
 /\\ / ___'_ __ _ _(_)_ __  __ _ \ \ \ \
( ( )\___ | '_ | '_| | '_ \/ _` | \ \ \ \
 \\/  ___)| |_)| | | | | || (_| |  ) ) ) )
  '  |____| .__|_| |_|_| |_\__, | / / / /
 =========|_|==============|___/=/_/_/_/
 :: Spring Boot ::                (v2.6.1)

2021-12-16 00:11:08.299  INFO 20296 --- [    Test worker] a.d.s.product.ProductServiceMockTest     : Starting ProductServiceMockTest using Java 17.0.1 on Enrrique with PID 20296 (started by Enrrique in C:\Users\Portu\IdeaProjects\service-product)
2021-12-16 00:11:08.301  INFO 20296 --- [    Test worker] a.d.s.product.ProductServiceMockTest     : No active profile set, falling back to default profiles: default
2021-12-16 00:11:09.385  INFO 20296 --- [    Test worker] .s.d.r.c.RepositoryConfigurationDelegate : Bootstrapping Spring Data JPA repositories in DEFAULT mode.
2021-12-16 00:11:09.529  INFO 20296 --- [    Test worker] .s.d.r.c.RepositoryConfigurationDelegate : Finished Spring Data repository scanning in 101 ms. Found 1 JPA repository interfaces.
2021-12-16 00:11:10.360  INFO 20296 --- [    Test worker] com.zaxxer.hikari.HikariDataSource       : HikariPool-1 - Starting...
2021-12-16 00:11:15.303  INFO 20296 --- [    Test worker] com.zaxxer.hikari.HikariDataSource       : HikariPool-1 - Start completed.
2021-12-16 00:11:15.649  INFO 20296 --- [    Test worker] o.hibernate.jpa.internal.util.LogHelper  : HHH000204: Processing PersistenceUnitInfo [name: default]
2021-12-16 00:11:15.786  INFO 20296 --- [    Test worker] org.hibernate.Version                    : HHH000412: Hibernate ORM core version 5.6.1.Final
2021-12-16 00:11:16.158  INFO 20296 --- [    Test worker] o.hibernate.annotations.common.Version   : HCANN000001: Hibernate Commons Annotations {5.1.2.Final}
2021-12-16 00:11:16.366  INFO 20296 --- [    Test worker] org.hibernate.dialect.Dialect            : HHH000400: Using dialect: org.hibernate.dialect.H2Dialect
2021-12-16 00:11:17.393  INFO 20296 --- [    Test worker] o.h.e.t.j.p.i.JtaPlatformInitiator       : HHH000490: Using JtaPlatform implementation: [org.hibernate.engine.transaction.jta.platform.internal.NoJtaPlatform]
2021-12-16 00:11:17.407  INFO 20296 --- [    Test worker] j.LocalContainerEntityManagerFactoryBean : Initialized JPA EntityManagerFactory for persistence unit 'default'
2021-12-16 00:11:18.376  WARN 20296 --- [    Test worker] JpaBaseConfiguration$JpaWebConfiguration : spring.jpa.open-in-view is enabled by default. Therefore, database queries may be performed during view rendering. Explicitly configure spring.jpa.open-in-view to disable this warning
2021-12-16 00:11:18.786  INFO 20296 --- [    Test worker] o.s.b.a.h2.H2ConsoleAutoConfiguration    : H2 console available at '/h2-console'. Database available at 'jdbc:h2:file:C:/data/sample'
2021-12-16 00:11:19.273  INFO 20296 --- [    Test worker] a.d.s.product.ProductServiceMockTest     : Started ProductServiceMockTest in 11.397 seconds (JVM running for 14.141)
]]></system-out>
  <system-err><![CDATA[]]></system-err>
</testsuite>
